<?xml version="1.0" encoding="UTF-8"?>
<testng-results skipped="0" failed="0" total="1" passed="1">
  <reporter-output>
  </reporter-output>
  <suite name="Default suite" duration-ms="73" started-at="2011-07-24T17:36:44Z" finished-at="2011-07-24T17:36:44Z">
    <groups>
    </groups>
    <test name="Default test" duration-ms="73" started-at="2011-07-24T17:36:44Z" finished-at="2011-07-24T17:36:44Z">
      <class name="com.lexicalscope.javabeanhelpers.generator.HelperGeneratorTest">
        <test-method status="PASS" signature="modelsAreMergedWithTemplates()" name="modelsAreMergedWithTemplates" duration-ms="64" started-at="2011-07-24T17:36:44Z" finished-at="2011-07-24T17:36:44Z">
        </test-method>
      </class>
    </test>
  </suite>
</testng-results>
